<?xml version="1.0" encoding="UTF-8"?>
<!-- Generated by org.testng.reporters.JUnitReportReporter -->
<testsuite hostname="LAPTOP-4UKCBIRS" failures="0" tests="1" name="Basic.DemoTest1" time="5.109" errors="0" timestamp="2023-12-02T10:49:47 IST" skipped="0">
  <testcase classname="Basic.DemoTest1" name="facebookTest" time="5.109"/>
</testsuite> <!-- Basic.DemoTest1 -->
