<?xml version="1.0" encoding="UTF-8"?>
<!-- Generated by org.testng.reporters.JUnitReportReporter -->
<testsuite hostname="LAPTOP-4UKCBIRS" failures="0" tests="2" name="Basic.execution1" time="10.846" errors="0" timestamp="2023-12-04T10:54:24 IST" skipped="0">
  <testcase classname="Basic.execution1" name="Swiggy" time="5.229"/>
  <testcase classname="Basic.execution1" name="zomato" time="5.617"/>
</testsuite> <!-- Basic.execution1 -->
