<?xml version="1.0" encoding="UTF-8"?>
<!-- Generated by org.testng.reporters.JUnitReportReporter -->
<testsuite hostname="LAPTOP-4UKCBIRS" failures="0" tests="1" name="Basic.ReadData" time="13.733" errors="0" timestamp="2023-12-04T09:57:36 IST" skipped="0">
  <testcase classname="Basic.ReadData" name="vtiger" time="13.733"/>
</testsuite> <!-- Basic.ReadData -->
