<?xml version="1.0" encoding="UTF-8"?>
<!-- Generated by org.testng.reporters.JUnitReportReporter -->
<testsuite hostname="LAPTOP-4UKCBIRS" failures="0" tests="1" name="Basic.ReadExcelData" time="0.909" errors="0" timestamp="2023-12-04T10:06:50 IST" skipped="0">
  <testcase classname="Basic.ReadExcelData" name="Vtiger" time="0.909"/>
</testsuite> <!-- Basic.ReadExcelData -->
